<?xml version="1.0" encoding="UTF-8"?>
<!-- Generated by org.testng.reporters.JUnitReportReporter -->
<testsuite skipped="0" hostname="DESKTOP-K95LS24" name="com.ebanking.master.ExcTest" tests="9" failures="0" timestamp="2020-06-17T13:14:57 BST" time="79.768" errors="0">
  <testcase name="RoleCreEx" time="5.789" classname="com.ebanking.master.ExcTest"/>
  <system-out/>
  <testcase name="RoleCreEx" time="5.727" classname="com.ebanking.master.ExcTest"/>
  <system-out/>
  <testcase name="RoleCreEx" time="6.301" classname="com.ebanking.master.ExcTest"/>
  <system-out/>
  <testcase name="RoleCreEx" time="5.797" classname="com.ebanking.master.ExcTest"/>
  <system-out/>
  <testcase name="BranchCreEX" time="7.260" classname="com.ebanking.master.ExcTest"/>
  <system-out/>
  <testcase name="BranchCreEX" time="6.590" classname="com.ebanking.master.ExcTest"/>
  <system-out/>
  <testcase name="BranchCreEX" time="6.857" classname="com.ebanking.master.ExcTest"/>
  <system-out/>
  <testcase name="BranchCreEX" time="6.620" classname="com.ebanking.master.ExcTest"/>
  <system-out/>
  <testcase name="EmpCreEX" time="28.827" classname="com.ebanking.master.ExcTest"/>
  <system-out/>
</testsuite> <!-- com.ebanking.master.ExcTest -->
