<?xml version="1.0" encoding="UTF-8"?>
<!-- Generated by org.testng.reporters.JUnitReportReporter -->
<testsuite skipped="0" hostname="DESKTOP-K95LS24" name="com.ebanking.master.EmpNG" tests="1" failures="0" timestamp="2020-06-12T12:40:34 BST" time="9.012" errors="0">
  <testcase name="Empee" time="9.012" classname="com.ebanking.master.EmpNG"/>
  <system-out/>
</testsuite> <!-- com.ebanking.master.EmpNG -->
