<?xml version="1.0" encoding="UTF-8"?>
<!-- Generated by org.testng.reporters.JUnitReportReporter -->
<testsuite skipped="0" hostname="DESKTOP-K95LS24" name="com.ebanking.master.EmpCNG" tests="4" failures="0" timestamp="2020-06-28T13:20:44 BST" time="26.341" errors="0">
  <testcase name="Ecre" time="6.611" classname="com.ebanking.master.EmpCNG"/>
  <system-out/>
  <testcase name="Ecre" time="6.420" classname="com.ebanking.master.EmpCNG"/>
  <system-out/>
  <testcase name="Ecre" time="6.365" classname="com.ebanking.master.EmpCNG"/>
  <system-out/>
  <testcase name="Ecre" time="6.945" classname="com.ebanking.master.EmpCNG"/>
  <system-out/>
</testsuite> <!-- com.ebanking.master.EmpCNG -->
