<?xml version="1.0" encoding="UTF-8"?>
<!-- Generated by org.testng.reporters.JUnitReportReporter -->
<testsuite skipped="0" hostname="DESKTOP-K95LS24" name="com.ebanking.master.ExePom" tests="12" failures="0" timestamp="2020-06-16T14:05:40 BST" time="82.994" errors="0">
  <testcase name="RoleCreEx" time="6.847" classname="com.ebanking.master.ExePom"/>
  <system-out/>
  <testcase name="RoleCreEx" time="6.266" classname="com.ebanking.master.ExePom"/>
  <system-out/>
  <testcase name="RoleCreEx" time="6.343" classname="com.ebanking.master.ExePom"/>
  <system-out/>
  <testcase name="RoleCreEx" time="6.105" classname="com.ebanking.master.ExePom"/>
  <system-out/>
  <testcase name="BranchCreEX" time="7.589" classname="com.ebanking.master.ExePom"/>
  <system-out/>
  <testcase name="BranchCreEX" time="7.331" classname="com.ebanking.master.ExePom"/>
  <system-out/>
  <testcase name="BranchCreEX" time="7.195" classname="com.ebanking.master.ExePom"/>
  <system-out/>
  <testcase name="BranchCreEX" time="7.232" classname="com.ebanking.master.ExePom"/>
  <system-out/>
  <testcase name="EmpCreEX" time="6.923" classname="com.ebanking.master.ExePom"/>
  <system-out/>
  <testcase name="EmpCreEX" time="6.929" classname="com.ebanking.master.ExePom"/>
  <system-out/>
  <testcase name="EmpCreEX" time="7.268" classname="com.ebanking.master.ExePom"/>
  <system-out/>
  <testcase name="EmpCreEX" time="6.966" classname="com.ebanking.master.ExePom"/>
  <system-out/>
</testsuite> <!-- com.ebanking.master.ExePom -->
