<?xml version="1.0" encoding="UTF-8"?>
<!-- Generated by org.testng.reporters.JUnitReportReporter -->
<testsuite skipped="0" hostname="DESKTOP-K95LS24" name="com.ebanking.master.RoleCNG" tests="4" failures="0" timestamp="2020-06-28T13:20:44 BST" time="22.247" errors="0">
  <testcase name="Rcre" time="5.746" classname="com.ebanking.master.RoleCNG"/>
  <system-out/>
  <testcase name="Rcre" time="5.513" classname="com.ebanking.master.RoleCNG"/>
  <system-out/>
  <testcase name="Rcre" time="5.463" classname="com.ebanking.master.RoleCNG"/>
  <system-out/>
  <testcase name="Rcre" time="5.525" classname="com.ebanking.master.RoleCNG"/>
  <system-out/>
</testsuite> <!-- com.ebanking.master.RoleCNG -->
