<?xml version="1.0" encoding="UTF-8"?>
<!-- Generated by org.testng.reporters.JUnitReportReporter -->
<testsuite skipped="0" hostname="DESKTOP-K95LS24" name="com.ebanking.master.SlGrid" tests="2" failures="0" timestamp="2020-06-28T13:26:40 BST" time="27.857" errors="0">
  <testcase name="Grd" time="15.536" classname="com.ebanking.master.SlGrid"/>
  <system-out/>
  <testcase name="Grd" time="12.321" classname="com.ebanking.master.SlGrid"/>
  <system-out/>
</testsuite> <!-- com.ebanking.master.SlGrid -->
