<?xml version="1.0" encoding="UTF-8"?>
<!-- Generated by org.testng.reporters.JUnitReportReporter -->
<testsuite skipped="0" hostname="DESKTOP-K95LS24" name="com.ebanking.master.BranchCNG" tests="4" failures="0" timestamp="2020-06-28T13:20:44 BST" time="25.643" errors="0">
  <testcase name="Bcre" time="6.314" classname="com.ebanking.master.BranchCNG"/>
  <system-out/>
  <testcase name="Bcre" time="6.336" classname="com.ebanking.master.BranchCNG"/>
  <system-out/>
  <testcase name="Bcre" time="6.197" classname="com.ebanking.master.BranchCNG"/>
  <system-out/>
  <testcase name="Bcre" time="6.796" classname="com.ebanking.master.BranchCNG"/>
  <system-out/>
</testsuite> <!-- com.ebanking.master.BranchCNG -->
