<?xml version="1.0" encoding="UTF-8"?>
<!-- Generated by org.testng.reporters.JUnitReportReporter -->
<testsuite skipped="0" hostname="DESKTOP-K95LS24" name="com.ebanking.master.BranchNG" tests="1" failures="0" timestamp="2020-06-12T12:40:34 BST" time="7.473" errors="0">
  <testcase name="Branche" time="7.473" classname="com.ebanking.master.BranchNG"/>
  <system-out/>
</testsuite> <!-- com.ebanking.master.BranchNG -->
